2026-07-03 03:27:51,428 | INFO | Sales ETL Pipeline Started
2026-07-03 03:27:51,428 | INFO | Reading JSON file...
2026-07-03 03:27:51,428 | INFO | Records Read : 5
2026-07-03 03:27:51,460 | INFO | No previous load found. Initial load.
2026-07-03 03:27:51,460 | INFO | Incremental Records : 5
2026-07-03 03:27:51,460 | INFO | Validating data...
2026-07-03 03:27:51,476 | INFO | Valid Records   : 4
2026-07-03 03:27:51,476 | INFO | Invalid Records : 1
2026-07-03 03:27:51,476 | INFO | Invalid data saved : data/invalid_records.csv
2026-07-03 03:27:51,476 | INFO | Cleaning data...
2026-07-03 03:27:51,476 | INFO | Transforming data...
2026-07-03 03:27:51,476 | INFO |   transaction_id customer_id  quantity  discount region  ...   price    transaction_date                  loaded_at  gross_amount net_amount
0           T001        C001         2      0.05  North  ...  999.99 2023-01-15 10:30:00 2026-07-03 03:27:51.460555       1999.98    1899.98
1           T002        C002         5      0.00  South  ...   19.99 2023-02-10 14:15:00 2026-07-03 03:27:51.460555         99.95      99.95
3           T004        C004         4      0.15   West  ...   49.90 2023-04-20 00:00:00 2026-07-03 03:27:51.476474        199.60     169.66
4           T005        C001         3      0.00  North  ...  189.00 2023-05-12 12:30:00 2026-07-03 03:27:51.476474        567.00     567.00

[4 rows x 13 columns]
2026-07-03 03:27:51,487 | INFO | Loading customers...
2026-07-03 03:27:51,492 | INFO | Customers Inserted : 3
2026-07-03 03:27:51,492 | INFO | Loading products...
2026-07-03 03:27:51,492 | INFO | Products Inserted : 4
2026-07-03 03:27:51,492 | INFO | Loading transactions...
2026-07-03 03:27:51,492 | INFO | Transactions Inserted : 4
2026-07-03 03:27:51,492 | INFO | Metadata Updated : 2023-05-12 12:30:00
2026-07-03 03:27:51,508 | INFO | Pipeline Completed Successfully
2026-07-03 03:27:51,508 | INFO | Rows Read        : 5
2026-07-03 03:27:51,508 | INFO | Rows Loaded      : 4
2026-07-03 03:27:51,508 | INFO | Rows Rejected    : 1
2026-07-03 03:27:51,508 | INFO | Execution Time   : 0.08 seconds
